Arguments: 
  /usr/bin/node /usr/bin/yarn add @types/hijackresponse

PATH: 
  /usr/bin:/usr/local/bin:/usr/local/sbin:/usr/lib/jvm/default/bin:/home/moritz/Documents/racket-git/src/racket/racket/bin/:/home/moritz/.gem/ruby/2.7.0/bin

Yarn version: 
  1.22.4

Node version: 
  14.5.0

Platform: 
  linux x64

Trace: 
  Error: https://registry.yarnpkg.com/@types%2fhijackresponse: Not found
      at Request.params.callback [as _callback] (/usr/lib/node_modules/yarn/lib/cli.js:66987:18)
      at Request.self.callback (/usr/lib/node_modules/yarn/lib/cli.js:140748:22)
      at Request.emit (events.js:314:20)
      at Request.<anonymous> (/usr/lib/node_modules/yarn/lib/cli.js:141720:10)
      at Request.emit (events.js:314:20)
      at IncomingMessage.<anonymous> (/usr/lib/node_modules/yarn/lib/cli.js:141642:12)
      at Object.onceWrapper (events.js:420:28)
      at IncomingMessage.emit (events.js:326:22)
      at endReadableNT (_stream_readable.js:1226:12)
      at processTicksAndRejections (internal/process/task_queues.js:80:21)

npm manifest: 
  {
    "dependencies": {
      "apollo-server-errors": "^2.4.2",
      "hijackresponse": "^4.0.0"
    }
  }

yarn manifest: 
  No manifest

Lockfile: 
  # THIS IS AN AUTOGENERATED FILE. DO NOT EDIT THIS FILE DIRECTLY.
  # yarn lockfile v1
  
  
  apollo-server-errors@^2.4.2:
    version "2.4.2"
    resolved "https://registry.yarnpkg.com/apollo-server-errors/-/apollo-server-errors-2.4.2.tgz#1128738a1d14da989f58420896d70524784eabe5"
    integrity sha512-FeGxW3Batn6sUtX3OVVUm7o56EgjxDlmgpTLNyWcLb0j6P8mw9oLNyAm3B+deHA4KNdNHO5BmHS2g1SJYjqPCQ==
  
  hijackresponse@^4.0.0:
    version "4.0.0"
    resolved "https://registry.yarnpkg.com/hijackresponse/-/hijackresponse-4.0.0.tgz#3490244f38b2b844187c3e0b16e27a74ee170617"
    integrity sha512-ilL2k2/k9NXk4QCx7dz7pV+ZRL8aOX9ZiaVD+5nql1fF5WdKNhXbPh4shyfICpgHoHiD4FKZ1jLgNKYDYhy0Yw==
